# JRE version: OpenJDK Runtime Environment (7.0_79-b14) (build 1.7.0_79-b14)
# Java VM: OpenJDK 64-Bit Server VM (24.79-b02 mixed mode linux-amd64 compressed oops)
Heap
 PSYoungGen      total 141824K, used 39957K [0x00000000f5500000, 0x0000000100000000, 0x0000000100000000)
  eden space 109568K, 29% used [0x00000000f5500000,0x00000000f7472670,0x00000000fc000000)
  from space 32256K, 24% used [0x00000000fe080000,0x00000000fe813188,0x0000000100000000)
  to   space 32768K, 0% used [0x00000000fc000000,0x00000000fc000000,0x00000000fe000000)
 ParOldGen       total 145408K, used 68903K [0x00000000e0000000, 0x00000000e8e00000, 0x00000000f5500000)
  object space 145408K, 47% used [0x00000000e0000000,0x00000000e4349e68,0x00000000e8e00000)
 PSPermGen       total 120320K, used 63124K [0x00000000d0000000, 0x00000000d7580000, 0x00000000e0000000)
  object space 120320K, 52% used [0x00000000d0000000,0x00000000d3da5208,0x00000000d7580000)
GC Heap History (10 events):
Event: 16,220 GC heap before
{Heap before GC invocations=3 (full 0):
 PSYoungGen      total 72704K, used 72672K [0x00000000f5500000, 0x00000000fa100000, 0x0000000100000000)
  eden space 67584K, 100% used [0x00000000f5500000,0x00000000f9700000,0x00000000f9700000)
  from space 5120K, 99% used [0x00000000f9c00000,0x00000000fa0f8020,0x00000000fa100000)
  to   space 5120K, 0% used [0x00000000f9700000,0x00000000f9700000,0x00000000f9c00000)
 ParOldGen       total 87552K, used 15808K [0x00000000e0000000, 0x00000000e5580000, 0x00000000f5500000)
  object space 87552K, 18% used [0x00000000e0000000,0x00000000e0f701e8,0x00000000e5580000)
 PSPermGen       total 33792K, used 33714K [0x00000000d0000000, 0x00000000d2100000, 0x00000000e0000000)
  object space 33792K, 99% used [0x00000000d0000000,0x00000000d20ec988,0x00000000d2100000)
Event: 16,249 GC heap after
Heap after GC invocations=3 (full 0):
 PSYoungGen      total 72704K, used 5096K [0x00000000f5500000, 0x00000000fe300000, 0x0000000100000000)
  eden space 67584K, 0% used [0x00000000f5500000,0x00000000f5500000,0x00000000f9700000)
  from space 5120K, 99% used [0x00000000f9700000,0x00000000f9bfa1a0,0x00000000f9c00000)
  to   space 5120K, 0% used [0x00000000fde00000,0x00000000fde00000,0x00000000fe300000)
 ParOldGen       total 87552K, used 34807K [0x00000000e0000000, 0x00000000e5580000, 0x00000000f5500000)
  object space 87552K, 39% used [0x00000000e0000000,0x00000000e21fdea0,0x00000000e5580000)
 PSPermGen       total 33792K, used 33714K [0x00000000d0000000, 0x00000000d2100000, 0x00000000e0000000)
  object space 33792K, 99% used [0x00000000d0000000,0x00000000d20ec988,0x00000000d2100000)
}
Event: 17,813 GC heap before
{Heap before GC invocations=4 (full 0):
 PSYoungGen      total 72704K, used 72680K [0x00000000f5500000, 0x00000000fe300000, 0x0000000100000000)
  eden space 67584K, 100% used [0x00000000f5500000,0x00000000f9700000,0x00000000f9700000)
  from space 5120K, 99% used [0x00000000f9700000,0x00000000f9bfa1a0,0x00000000f9c00000)
  to   space 5120K, 0% used [0x00000000fde00000,0x00000000fde00000,0x00000000fe300000)
 ParOldGen       total 87552K, used 34807K [0x00000000e0000000, 0x00000000e5580000, 0x00000000f5500000)
  object space 87552K, 39% used [0x00000000e0000000,0x00000000e21fdea0,0x00000000e5580000)
 PSPermGen       total 43520K, used 43434K [0x00000000d0000000, 0x00000000d2a80000, 0x00000000e0000000)
  object space 43520K, 99% used [0x00000000d0000000,0x00000000d2a6a868,0x00000000d2a80000)
Event: 17,888 GC heap after
Heap after GC invocations=4 (full 0):
 PSYoungGen      total 140288K, used 5099K [0x00000000f5500000, 0x00000000fe300000, 0x0000000100000000)
  eden space 135168K, 0% used [0x00000000f5500000,0x00000000f5500000,0x00000000fd900000)
  from space 5120K, 99% used [0x00000000fde00000,0x00000000fe2fad88,0x00000000fe300000)
  to   space 5120K, 0% used [0x00000000fd900000,0x00000000fd900000,0x00000000fde00000)
 ParOldGen       total 87552K, used 46710K [0x00000000e0000000, 0x00000000e5580000, 0x00000000f5500000)
  object space 87552K, 53% used [0x00000000e0000000,0x00000000e2d9d910,0x00000000e5580000)
 PSPermGen       total 43520K, used 43434K [0x00000000d0000000, 0x00000000d2a80000, 0x00000000e0000000)
  object space 43520K, 99% used [0x00000000d0000000,0x00000000d2a6a868,0x00000000d2a80000)
}
Event: 21,548 GC heap before
{Heap before GC invocations=5 (full 0):
 PSYoungGen      total 140288K, used 140267K [0x00000000f5500000, 0x00000000fe300000, 0x0000000100000000)
  eden space 135168K, 100% used [0x00000000f5500000,0x00000000fd900000,0x00000000fd900000)
  from space 5120K, 99% used [0x00000000fde00000,0x00000000fe2fad88,0x00000000fe300000)
  to   space 5120K, 0% used [0x00000000fd900000,0x00000000fd900000,0x00000000fde00000)
 ParOldGen       total 87552K, used 46710K [0x00000000e0000000, 0x00000000e5580000, 0x00000000f5500000)
  object space 87552K, 53% used [0x00000000e0000000,0x00000000e2d9d910,0x00000000e5580000)
 PSPermGen       total 60416K, used 60160K [0x00000000d0000000, 0x00000000d3b00000, 0x00000000e0000000)
  object space 60416K, 99% used [0x00000000d0000000,0x00000000d3ac0320,0x00000000d3b00000)
Event: 21,597 GC heap after
Heap after GC invocations=5 (full 0):
 PSYoungGen      total 140288K, used 5118K [0x00000000f5500000, 0x0000000100000000, 0x0000000100000000)
  eden space 135168K, 0% used [0x00000000f5500000,0x00000000f5500000,0x00000000fd900000)
  from space 5120K, 99% used [0x00000000fd900000,0x00000000fddff898,0x00000000fde00000)
  to   space 32256K, 0% used [0x00000000fe080000,0x00000000fe080000,0x0000000100000000)
 ParOldGen       total 87552K, used 70487K [0x00000000e0000000, 0x00000000e5580000, 0x00000000f5500000)
  object space 87552K, 80% used [0x00000000e0000000,0x00000000e44d5fe0,0x00000000e5580000)
 PSPermGen       total 60416K, used 60160K [0x00000000d0000000, 0x00000000d3b00000, 0x00000000e0000000)
  object space 60416K, 99% used [0x00000000d0000000,0x00000000d3ac0320,0x00000000d3b00000)
}
Event: 21,597 GC heap before
{Heap before GC invocations=6 (full 1):
 PSYoungGen      total 140288K, used 5118K [0x00000000f5500000, 0x0000000100000000, 0x0000000100000000)
  eden space 135168K, 0% used [0x00000000f5500000,0x00000000f5500000,0x00000000fd900000)
  from space 5120K, 99% used [0x00000000fd900000,0x00000000fddff898,0x00000000fde00000)
  to   space 32256K, 0% used [0x00000000fe080000,0x00000000fe080000,0x0000000100000000)
 ParOldGen       total 87552K, used 70487K [0x00000000e0000000, 0x00000000e5580000, 0x00000000f5500000)
  object space 87552K, 80% used [0x00000000e0000000,0x00000000e44d5fe0,0x00000000e5580000)
 PSPermGen       total 60416K, used 60160K [0x00000000d0000000, 0x00000000d3b00000, 0x00000000e0000000)
  object space 60416K, 99% used [0x00000000d0000000,0x00000000d3ac0320,0x00000000d3b00000)
Event: 21,978 GC heap after
Heap after GC invocations=6 (full 1):
 PSYoungGen      total 140288K, used 0K [0x00000000f5500000, 0x0000000100000000, 0x0000000100000000)
  eden space 135168K, 0% used [0x00000000f5500000,0x00000000f5500000,0x00000000fd900000)
  from space 5120K, 0% used [0x00000000fd900000,0x00000000fd900000,0x00000000fde00000)
  to   space 32256K, 0% used [0x00000000fe080000,0x00000000fe080000,0x0000000100000000)
 ParOldGen       total 145408K, used 68903K [0x00000000e0000000, 0x00000000e8e00000, 0x00000000f5500000)
  object space 145408K, 47% used [0x00000000e0000000,0x00000000e4349e68,0x00000000e8e00000)
 PSPermGen       total 120320K, used 60135K [0x00000000d0000000, 0x00000000d7580000, 0x00000000e0000000)
  object space 120320K, 49% used [0x00000000d0000000,0x00000000d3ab9c80,0x00000000d7580000)
}
Event: 24,970 GC heap before
{Heap before GC invocations=7 (full 1):
 PSYoungGen      total 140288K, used 135168K [0x00000000f5500000, 0x0000000100000000, 0x0000000100000000)
  eden space 135168K, 100% used [0x00000000f5500000,0x00000000fd900000,0x00000000fd900000)
  from space 5120K, 0% used [0x00000000fd900000,0x00000000fd900000,0x00000000fde00000)
  to   space 32256K, 0% used [0x00000000fe080000,0x00000000fe080000,0x0000000100000000)
 ParOldGen       total 145408K, used 68903K [0x00000000e0000000, 0x00000000e8e00000, 0x00000000f5500000)
  object space 145408K, 47% used [0x00000000e0000000,0x00000000e4349e68,0x00000000e8e00000)
 PSPermGen       total 120320K, used 62828K [0x00000000d0000000, 0x00000000d7580000, 0x00000000e0000000)
  object space 120320K, 52% used [0x00000000d0000000,0x00000000d3d5b278,0x00000000d7580000)
Event: 24,989 GC heap after
Heap after GC invocations=7 (full 1):
 PSYoungGen      total 141824K, used 7756K [0x00000000f5500000, 0x0000000100000000, 0x0000000100000000)
  eden space 109568K, 0% used [0x00000000f5500000,0x00000000f5500000,0x00000000fc000000)
  from space 32256K, 24% used [0x00000000fe080000,0x00000000fe813188,0x0000000100000000)
  to   space 32768K, 0% used [0x00000000fc000000,0x00000000fc000000,0x00000000fe000000)
 ParOldGen       total 145408K, used 68903K [0x00000000e0000000, 0x00000000e8e00000, 0x00000000f5500000)
  object space 145408K, 47% used [0x00000000e0000000,0x00000000e4349e68,0x00000000e8e00000)
 PSPermGen       total 120320K, used 62828K [0x00000000d0000000, 0x00000000d7580000, 0x00000000e0000000)
  object space 120320K, 52% used [0x00000000d0000000,0x00000000d3d5b278,0x00000000d7580000)
}

